<?xml version="1.0" encoding="UTF-8"?>
<testng-results ignored="2" total="3" passed="1" failed="0" skipped="0">
  <reporter-output>
  </reporter-output>
  <suite started-at="2022-10-07T07:01:21 IST" name="Default suite" finished-at="2022-10-07T07:01:29 IST" duration-ms="8236">
    <groups>
    </groups>
    <test started-at="2022-10-07T07:01:21 IST" name="Default test" finished-at="2022-10-07T07:01:29 IST" duration-ms="8236">
      <class name="com.logging.restassured.Logging">
        <test-method signature="simple_Test2()[pri:0, instance:com.logging.restassured.Logging@4f67eb2a]" started-at="2022-10-07T07:01:21 IST" name="simple_Test2" finished-at="2022-10-07T07:01:29 IST" duration-ms="8163" status="PASS">
          <reporter-output>
          </reporter-output>
        </test-method> <!-- simple_Test2 -->
      </class> <!-- com.logging.restassured.Logging -->
    </test> <!-- Default test -->
  </suite> <!-- Default suite -->
</testng-results>
