<?xml version="1.0" encoding="UTF-8"?>
<!-- Generated by org.testng.reporters.JUnitXMLReporter -->
<testsuite ignored="3" hostname="DESKTOP-4H7SDUP" failures="0" tests="1" name="Default test" time="7.073" errors="0" timestamp="2022-10-21T21:44:00 IST">
  <testcase classname="com.rest.validation.AutomationPost" name="validate_post_map" time="5.294"/>
  <testcase classname="com.rest.validation.AutomationPost" name="validate_post_file" time="0.0">
    <ignored/>
  </testcase> <!-- validate_post_file -->
  <testcase classname="com.rest.validation.AutomationPost" name="validate_post_nonbdd" time="0.0">
    <ignored/>
  </testcase> <!-- validate_post_nonbdd -->
  <testcase classname="com.rest.validation.AutomationPost" name="validate_post_bddStyle" time="0.0">
    <ignored/>
  </testcase> <!-- validate_post_bddStyle -->
</testsuite> <!-- Default test -->
