<?xml version="1.0" encoding="UTF-8"?>
<!-- Generated by org.testng.reporters.JUnitXMLReporter -->
<testsuite ignored="2" hostname="DESKTOP-4H7SDUP" failures="0" tests="1" name="Default test" time="8.236" errors="0" timestamp="2022-10-07T07:01:29 IST">
  <testcase classname="com.logging.restassured.Logging" name="simple_Test2" time="8.163"/>
  <testcase classname="com.logging.restassured.Logging" name="simple_test" time="0.0">
    <ignored/>
  </testcase> <!-- simple_test -->
  <testcase classname="com.logging.restassured.Logging" name="simple_Test1" time="0.0">
    <ignored/>
  </testcase> <!-- simple_Test1 -->
</testsuite> <!-- Default test -->
